<?xml version="1.0" encoding="UTF-8"?>
<testng-results ignored="0" total="1" passed="1" failed="0" skipped="0">
  <reporter-output>
  </reporter-output>
  <suite started-at="2021-08-04T16:29:27 EET" name="Regression Suite" finished-at="2021-08-04T16:29:32 EET" duration-ms="5113">
    <groups>
      <group name="cucumber">
        <method signature="AbstractTestNGCucumberTests.runScenario(io.cucumber.testng.PickleWrapper, io.cucumber.testng.FeatureWrapper)[pri:0, instance:tests.UserRegistrationTest@64030b91]" name="runScenario" class="io.cucumber.testng.AbstractTestNGCucumberTests"/>
      </group> <!-- cucumber -->
    </groups>
    <test started-at="2021-08-04T16:29:27 EET" name="Test Basics 1" finished-at="2021-08-04T16:29:32 EET" duration-ms="5113">
      <class name="tests.UserRegistrationTest">
        <test-method is-config="true" signature="startDriver(java.lang.String)[pri:0, instance:tests.UserRegistrationTest@64030b91]" started-at="2021-08-04T16:29:19 EET" name="startDriver" finished-at="2021-08-04T16:29:27 EET" duration-ms="8075" status="PASS">
          <params>
            <param index="0">
              <value>
                <![CDATA[firefox]]>
              </value>
            </param>
          </params>
          <reporter-output>
          </reporter-output>
        </test-method> <!-- startDriver -->
        <test-method is-config="true" signature="setUpClass()[pri:0, instance:tests.UserRegistrationTest@64030b91]" started-at="2021-08-04T16:29:27 EET" name="setUpClass" finished-at="2021-08-04T16:29:28 EET" duration-ms="711" status="PASS">
          <reporter-output>
          </reporter-output>
        </test-method> <!-- setUpClass -->
        <test-method signature="userRegisterSuccessfully()[pri:1, instance:tests.UserRegistrationTest@64030b91]" started-at="2021-08-04T16:29:28 EET" name="userRegisterSuccessfully" finished-at="2021-08-04T16:29:32 EET" duration-ms="4027" status="PASS">
          <reporter-output>
          </reporter-output>
        </test-method> <!-- userRegisterSuccessfully -->
        <test-method is-config="true" signature="takeScreenshotOnFailure(org.testng.ITestResult)[pri:0, instance:tests.UserRegistrationTest@64030b91]" started-at="2021-08-04T16:29:32 EET" name="takeScreenshotOnFailure" finished-at="2021-08-04T16:29:32 EET" duration-ms="3" status="PASS">
          <params>
            <param index="0">
              <value>
                <![CDATA[[TestResult name=userRegisterSuccessfully status=SUCCESS method=UserRegistrationTest.userRegisterSuccessfully()[pri:1, instance:tests.UserRegistrationTest@64030b91] output={null}]]]>
              </value>
            </param>
          </params>
          <reporter-output>
          </reporter-output>
        </test-method> <!-- takeScreenshotOnFailure -->
        <test-method is-config="true" signature="tearDownClass()[pri:0, instance:tests.UserRegistrationTest@64030b91]" started-at="2021-08-04T16:29:32 EET" name="tearDownClass" finished-at="2021-08-04T16:29:32 EET" duration-ms="31" status="PASS">
          <reporter-output>
          </reporter-output>
        </test-method> <!-- tearDownClass -->
        <test-method is-config="true" signature="stopDriver()[pri:0, instance:tests.UserRegistrationTest@64030b91]" started-at="2021-08-04T16:29:33 EET" name="stopDriver" finished-at="2021-08-04T16:29:33 EET" duration-ms="957" status="PASS">
          <reporter-output>
          </reporter-output>
        </test-method> <!-- stopDriver -->
      </class> <!-- tests.UserRegistrationTest -->
    </test> <!-- Test Basics 1 -->
  </suite> <!-- Regression Suite -->
</testng-results>
