<?xml version="1.0" encoding="UTF-8"?>
<testng-results ignored="0" total="1" passed="1" failed="0" skipped="0">
  <reporter-output>
  </reporter-output>
  <suite started-at="2021-08-02T06:46:25 EET" name="Default Suite" finished-at="2021-08-02T06:46:27 EET" duration-ms="2022">
    <groups>
      <group name="cucumber">
        <method signature="AbstractTestNGCucumberTests.runScenario(io.cucumber.testng.PickleWrapper, io.cucumber.testng.FeatureWrapper)[pri:0, instance:runners.TestRunner@7d3e8655]" name="runScenario" class="io.cucumber.testng.AbstractTestNGCucumberTests"/>
      </group> <!-- cucumber -->
    </groups>
    <test started-at="2021-08-02T06:46:25 EET" name="Testing_Framework" finished-at="2021-08-02T06:46:27 EET" duration-ms="2022">
      <class name="runners.TestRunner">
        <test-method is-config="true" signature="startDriver(java.lang.String)[pri:0, instance:runners.TestRunner@7d3e8655]" started-at="2021-08-02T06:46:20 EET" name="startDriver" finished-at="2021-08-02T06:46:25 EET" duration-ms="4414" status="PASS">
          <params>
            <param index="0">
              <value>
                <![CDATA[chrome]]>
              </value>
            </param>
          </params>
          <reporter-output>
          </reporter-output>
        </test-method> <!-- startDriver -->
        <test-method is-config="true" signature="setUpClass()[pri:0, instance:runners.TestRunner@7d3e8655]" started-at="2021-08-02T06:46:25 EET" name="setUpClass" finished-at="2021-08-02T06:46:25 EET" duration-ms="488" status="PASS">
          <reporter-output>
          </reporter-output>
        </test-method> <!-- setUpClass -->
        <test-method signature="runScenario(io.cucumber.testng.PickleWrapper, io.cucumber.testng.FeatureWrapper)[pri:0, instance:runners.TestRunner@7d3e8655]" started-at="2021-08-02T06:46:25 EET" name="runScenario" description="Runs Cucumber Scenarios" data-provider="scenarios" finished-at="2021-08-02T06:46:26 EET" duration-ms="1353" status="PASS">
          <params>
            <param index="0">
              <value>
                <![CDATA["User Registration"]]>
              </value>
            </param>
            <param index="1">
              <value>
                <![CDATA["Optional[User Registration]"]]>
              </value>
            </param>
          </params>
          <reporter-output>
          </reporter-output>
        </test-method> <!-- runScenario -->
        <test-method is-config="true" signature="takeScreenshotOnFailure(org.testng.ITestResult)[pri:0, instance:runners.TestRunner@7d3e8655]" started-at="2021-08-02T06:46:26 EET" name="takeScreenshotOnFailure" finished-at="2021-08-02T06:46:26 EET" duration-ms="2" status="PASS">
          <params>
            <param index="0">
              <value>
                <![CDATA[[TestResult name=runScenario status=SUCCESS method=AbstractTestNGCucumberTests.runScenario(io.cucumber.testng.PickleWrapper, io.cucumber.testng.FeatureWrapper)[pri:0, instance:runners.TestRunner@7d3e8655] output={null}]]]>
              </value>
            </param>
          </params>
          <reporter-output>
          </reporter-output>
        </test-method> <!-- takeScreenshotOnFailure -->
        <test-method is-config="true" signature="tearDownClass()[pri:0, instance:runners.TestRunner@7d3e8655]" started-at="2021-08-02T06:46:26 EET" name="tearDownClass" finished-at="2021-08-02T06:46:27 EET" duration-ms="68" status="PASS">
          <reporter-output>
          </reporter-output>
        </test-method> <!-- tearDownClass -->
        <test-method is-config="true" signature="stopDriver()[pri:0, instance:runners.TestRunner@7d3e8655]" started-at="2021-08-02T06:46:27 EET" name="stopDriver" finished-at="2021-08-02T06:46:28 EET" duration-ms="1252" status="PASS">
          <reporter-output>
          </reporter-output>
        </test-method> <!-- stopDriver -->
      </class> <!-- runners.TestRunner -->
    </test> <!-- Testing_Framework -->
  </suite> <!-- Default Suite -->
</testng-results>
